{"C:\\Users\\Kellyson\\Documents\\Tech\\compass-uol\\Trabalhos\\trabalho-03\\src\\controllers\\sign-up.controller.ts": {"path":"C:\\Users\\Kellyson\\Documents\\Tech\\compass-uol\\Trabalhos\\trabalho-03\\src\\controllers\\sign-up.controller.ts","statementMap":{"0":{"start":{"line":2,"column":0},"end":{"line":2,"column":48}},"1":{"start":{"line":3,"column":0},"end":{"line":3,"column":64}},"2":{"start":{"line":4,"column":0},"end":{"line":4,"column":49}},"3":{"start":{"line":5,"column":0},"end":{"line":5,"column":30}},"4":{"start":{"line":6,"column":0},"end":{"line":6,"column":65}},"5":{"start":{"line":8,"column":22},"end":{"line":32,"column":1}},"6":{"start":{"line":9,"column":1},"end":{"line":31,"column":2}},"7":{"start":{"line":10,"column":26},"end":{"line":13,"column":null}},"8":{"start":{"line":16,"column":2},"end":{"line":16,"column":46}},"9":{"start":{"line":16,"column":23},"end":{"line":16,"column":46}},"10":{"start":{"line":18,"column":23},"end":{"line":18,"column":31}},"11":{"start":{"line":19,"column":21},"end":{"line":19,"column":23}},"12":{"start":{"line":20,"column":25},"end":{"line":20,"column":57}},"13":{"start":{"line":21,"column":2},"end":{"line":21,"column":37}},"14":{"start":{"line":23,"column":2},"end":{"line":23,"column":35}},"15":{"start":{"line":25,"column":2},"end":{"line":28,"column":5}},"16":{"start":{"line":30,"column":2},"end":{"line":30,"column":33}},"17":{"start":{"line":8,"column":13},"end":{"line":8,"column":22}}},"fnMap":{"0":{"name":"(anonymous_0)","decl":{"start":{"line":8,"column":22},"end":{"line":8,"column":27}},"loc":{"start":{"line":8,"column":60},"end":{"line":32,"column":1}}}},"branchMap":{"0":{"loc":{"start":{"line":16,"column":2},"end":{"line":16,"column":46}},"type":"if","locations":[{"start":{"line":16,"column":2},"end":{"line":16,"column":46}}]}},"s":{"0":1,"1":1,"2":1,"3":1,"4":1,"5":1,"6":3,"7":3,"8":3,"9":1,"10":2,"11":2,"12":2,"13":2,"14":2,"15":1,"16":1,"17":1},"f":{"0":3},"b":{"0":[1]}}
,"C:\\Users\\Kellyson\\Documents\\Tech\\compass-uol\\Trabalhos\\trabalho-03\\src\\models\\user.model.ts": {"path":"C:\\Users\\Kellyson\\Documents\\Tech\\compass-uol\\Trabalhos\\trabalho-03\\src\\models\\user.model.ts","statementMap":{"0":{"start":{"line":1,"column":0},"end":{"line":1,"column":33}},"1":{"start":{"line":3,"column":0},"end":{"line":3,"column":52}},"2":{"start":{"line":5,"column":13},"end":{"line":5,"column":62}}},"fnMap":{},"branchMap":{},"s":{"0":1,"1":1,"2":1},"f":{},"b":{}}
,"C:\\Users\\Kellyson\\Documents\\Tech\\compass-uol\\Trabalhos\\trabalho-03\\src\\schemas\\user.schema.ts": {"path":"C:\\Users\\Kellyson\\Documents\\Tech\\compass-uol\\Trabalhos\\trabalho-03\\src\\schemas\\user.schema.ts","statementMap":{"0":{"start":{"line":1,"column":0},"end":{"line":1,"column":22}},"1":{"start":{"line":2,"column":0},"end":{"line":2,"column":34}},"2":{"start":{"line":4,"column":31},"end":{"line":41,"column":2}},"3":{"start":{"line":79,"column":9},"end":{"line":79,"column":31}},"4":{"start":{"line":43,"column":19},"end":{"line":77,"column":2}},"5":{"start":{"line":79,"column":33},"end":{"line":79,"column":43}}},"fnMap":{},"branchMap":{},"s":{"0":1,"1":1,"2":1,"3":1,"4":1,"5":1},"f":{},"b":{}}
,"C:\\Users\\Kellyson\\Documents\\Tech\\compass-uol\\Trabalhos\\trabalho-03\\src\\utils\\validateAndRespond\\index.ts": {"path":"C:\\Users\\Kellyson\\Documents\\Tech\\compass-uol\\Trabalhos\\trabalho-03\\src\\utils\\validateAndRespond\\index.ts","statementMap":{"0":{"start":{"line":2,"column":0},"end":{"line":2,"column":60}},"1":{"start":{"line":5,"column":34},"end":{"line":18,"column":1}},"2":{"start":{"line":10,"column":26},"end":{"line":12,"column":3}},"3":{"start":{"line":14,"column":1},"end":{"line":15,"column":52}},"4":{"start":{"line":15,"column":2},"end":{"line":15,"column":52}},"5":{"start":{"line":17,"column":1},"end":{"line":17,"column":13}},"6":{"start":{"line":5,"column":13},"end":{"line":5,"column":34}}},"fnMap":{"0":{"name":"(anonymous_0)","decl":{"start":{"line":5,"column":34},"end":{"line":5,"column":null}},"loc":{"start":{"line":9,"column":4},"end":{"line":18,"column":1}}}},"branchMap":{"0":{"loc":{"start":{"line":14,"column":1},"end":{"line":15,"column":52}},"type":"if","locations":[{"start":{"line":14,"column":1},"end":{"line":15,"column":52}}]}},"s":{"0":1,"1":1,"2":0,"3":0,"4":0,"5":0,"6":1},"f":{"0":0},"b":{"0":[0]}}
,"C:\\Users\\Kellyson\\Documents\\Tech\\compass-uol\\Trabalhos\\trabalho-03\\src\\utils\\validateAndRespond\\showValidationError.ts": {"path":"C:\\Users\\Kellyson\\Documents\\Tech\\compass-uol\\Trabalhos\\trabalho-03\\src\\utils\\validateAndRespond\\showValidationError.ts","statementMap":{"0":{"start":{"line":1,"column":0},"end":{"line":1,"column":48}},"1":{"start":{"line":5,"column":35},"end":{"line":17,"column":3}},"2":{"start":{"line":9,"column":1},"end":{"line":17,"column":3}},"3":{"start":{"line":12,"column":3},"end":{"line":15,"column":5}},"4":{"start":{"line":5,"column":13},"end":{"line":5,"column":35}}},"fnMap":{"0":{"name":"(anonymous_0)","decl":{"start":{"line":5,"column":35},"end":{"line":5,"column":null}},"loc":{"start":{"line":9,"column":1},"end":{"line":17,"column":3}}},"1":{"name":"(anonymous_1)","decl":{"start":{"line":11,"column":45},"end":{"line":11,"column":46}},"loc":{"start":{"line":11,"column":55},"end":{"line":16,"column":3}}}},"branchMap":{},"s":{"0":1,"1":1,"2":0,"3":0,"4":1},"f":{"0":0,"1":0},"b":{}}
}
