TN:
SF:src\controllers\sign-up.controller.ts
FN:8,(anonymous_0)
FNF:1
FNH:1
FNDA:3,(anonymous_0)
DA:2,1
DA:3,1
DA:4,1
DA:5,1
DA:6,1
DA:8,1
DA:9,3
DA:10,3
DA:16,3
DA:18,2
DA:19,2
DA:20,2
DA:21,2
DA:23,2
DA:25,1
DA:30,1
LF:16
LH:16
BRDA:16,0,0,1
BRF:1
BRH:1
end_of_record
TN:
SF:src\models\user.model.ts
FNF:0
FNH:0
DA:1,1
DA:3,1
DA:5,1
LF:3
LH:3
BRF:0
BRH:0
end_of_record
TN:
SF:src\schemas\user.schema.ts
FNF:0
FNH:0
DA:1,1
DA:2,1
DA:4,1
DA:43,1
DA:79,1
LF:5
LH:5
BRF:0
BRH:0
end_of_record
TN:
SF:src\utils\validateAndRespond\index.ts
FN:5,(anonymous_0)
FNF:1
FNH:0
FNDA:0,(anonymous_0)
DA:2,1
DA:5,1
DA:10,0
DA:14,0
DA:15,0
DA:17,0
LF:6
LH:2
BRDA:14,0,0,0
BRF:1
BRH:0
end_of_record
TN:
SF:src\utils\validateAndRespond\showValidationError.ts
FN:5,(anonymous_0)
FN:11,(anonymous_1)
FNF:2
FNH:0
FNDA:0,(anonymous_0)
FNDA:0,(anonymous_1)
DA:1,1
DA:5,1
DA:9,0
DA:12,0
LF:4
LH:2
BRF:0
BRH:0
end_of_record
